Using pre-set license
Built from '2020.3/release' branch; Version is '2020.3.15f2 (6cf78cb77498) revision 7141260'; Using compiler version '192528614'; Build Type 'Release'
OS: 'Windows 10 Home; OS build 19042.1165; Version 2009; 64bit' Language: 'tr' Physical Memory: 8154 MB
BatchMode: 1, IsHumanControllingUs: 0, StartBugReporterOnCrash: 0, Is64bit: 1, IsPro: 0

 COMMAND LINE ARGUMENTS:
C:\Program Files\Unity\Hub\Editor\2020.3.15f2\Editor\Unity.exe
-adb2
-batchMode
-noUpm
-name
AssetImportWorker0
-projectPath
C:/Users/selim/Downloads/unity/Space Debris/Space Debris Starter
-logFile
Logs/AssetImportWorker0.log
-srvPort
64221
Successfully changed project path to: C:/Users/selim/Downloads/unity/Space Debris/Space Debris Starter
C:/Users/selim/Downloads/unity/Space Debris/Space Debris Starter
Using Asset Import Pipeline V2.
Refreshing native plugins compatible for Editor in 114.91 ms, found 2 plugins.
Preloading 0 native plugins for Editor in 0.00 ms.
Initialize engine version: 2020.3.15f2 (6cf78cb77498)
[Subsystems] Discovering subsystems at path C:/Program Files/Unity/Hub/Editor/2020.3.15f2/Editor/Data/Resources/UnitySubsystems
[Subsystems] Discovering subsystems at path C:/Users/selim/Downloads/unity/Space Debris/Space Debris Starter/Assets
GfxDevice: creating device client; threaded=0
Direct3D:
    Version:  Direct3D 11.0 [level 11.0]
    Renderer: NVIDIA GeForce GTX 660 (ID=0x11c0)
    Vendor:   
    VRAM:     1998 MB
    Driver:   27.21.14.5671
Initialize mono
Mono path[0] = 'C:/Program Files/Unity/Hub/Editor/2020.3.15f2/Editor/Data/Managed'
Mono path[1] = 'C:/Program Files/Unity/Hub/Editor/2020.3.15f2/Editor/Data/MonoBleedingEdge/lib/mono/unityjit'
Mono config path = 'C:/Program Files/Unity/Hub/Editor/2020.3.15f2/Editor/Data/MonoBleedingEdge/etc'
Using monoOptions --debugger-agent=transport=dt_socket,embedding=1,server=y,suspend=n,address=127.0.0.1:56620
Begin MonoManager ReloadAssembly
Registering precompiled unity dll's ...
Register platform support module: C:/Program Files/Unity/Hub/Editor/2020.3.15f2/Editor/Data/PlaybackEngines/WebGLSupport/UnityEditor.WebGL.Extensions.dll
Register platform support module: C:/Program Files/Unity/Hub/Editor/2020.3.15f2/Editor/Data/PlaybackEngines/WindowsStandaloneSupport/UnityEditor.WindowsStandalone.Extensions.dll
Registered in 0.005346 seconds.
Native extension for WindowsStandalone target not found
Native extension for WebGL target not found
Refreshing native plugins compatible for Editor in 82.76 ms, found 2 plugins.
Preloading 0 native plugins for Editor in 0.00 ms.
Mono: successfully reloaded assembly
- Completed reload, in  1.824 seconds
Domain Reload Profiling:
	ReloadAssembly (1825ms)
		BeginReloadAssembly (89ms)
			ExecutionOrderSort (0ms)
			DisableScriptedObjects (0ms)
			BackupInstance (0ms)
			ReleaseScriptingObjects (0ms)
			CreateAndSetChildDomain (1ms)
		EndReloadAssembly (676ms)
			LoadAssemblies (85ms)
			RebuildTransferFunctionScriptingTraits (0ms)
			SetupTypeCache (217ms)
			ReleaseScriptCaches (0ms)
			RebuildScriptCaches (49ms)
			SetupLoadedEditorAssemblies (293ms)
				LogAssemblyErrors (0ms)
				InitializePlatformSupportModulesInManaged (8ms)
				SetLoadedEditorAssemblies (0ms)
				RefreshPlugins (83ms)
				BeforeProcessingInitializeOnLoad (10ms)
				ProcessInitializeOnLoadAttributes (146ms)
				ProcessInitializeOnLoadMethodAttributes (45ms)
				AfterProcessingInitializeOnLoad (0ms)
				EditorAssembliesLoaded (0ms)
			ExecutionOrderSort2 (0ms)
			AwakeInstancesAfterBackupRestoration (0ms)
Platform modules already initialized, skipping
Registering precompiled user dll's ...
Registered in 0.010342 seconds.
Begin MonoManager ReloadAssembly
Native extension for WindowsStandalone target not found
Native extension for WebGL target not found
Refreshing native plugins compatible for Editor in 0.90 ms, found 2 plugins.
Preloading 0 native plugins for Editor in 0.00 ms.
Mono: successfully reloaded assembly
- Completed reload, in  1.989 seconds
Domain Reload Profiling:
	ReloadAssembly (1990ms)
		BeginReloadAssembly (229ms)
			ExecutionOrderSort (0ms)
			DisableScriptedObjects (7ms)
			BackupInstance (0ms)
			ReleaseScriptingObjects (0ms)
			CreateAndSetChildDomain (23ms)
		EndReloadAssembly (1653ms)
			LoadAssemblies (156ms)
			RebuildTransferFunctionScriptingTraits (0ms)
			SetupTypeCache (535ms)
			ReleaseScriptCaches (1ms)
			RebuildScriptCaches (70ms)
			SetupLoadedEditorAssemblies (746ms)
				LogAssemblyErrors (0ms)
				InitializePlatformSupportModulesInManaged (10ms)
				SetLoadedEditorAssemblies (1ms)
				RefreshPlugins (1ms)
				BeforeProcessingInitializeOnLoad (119ms)
				ProcessInitializeOnLoadAttributes (545ms)
				ProcessInitializeOnLoadMethodAttributes (54ms)
				AfterProcessingInitializeOnLoad (15ms)
				EditorAssembliesLoaded (0ms)
			ExecutionOrderSort2 (0ms)
			AwakeInstancesAfterBackupRestoration (10ms)
Platform modules already initialized, skipping
========================================================================
Worker process is ready to serve import requests
Launched and connected shader compiler UnityShaderCompiler.exe after 0.09 seconds
Refreshing native plugins compatible for Editor in 0.82 ms, found 2 plugins.
Preloading 0 native plugins for Editor in 0.00 ms.
Unloading 1957 Unused Serialized files (Serialized files now loaded: 0)
System memory in use before: 80.8 MB.
System memory in use after: 80.9 MB.

Unloading 58 unused Assets to reduce memory usage. Loaded Objects now: 2362.
Total: 8.327000 ms (FindLiveObjects: 0.187300 ms CreateObjectMapping: 0.087800 ms MarkObjects: 7.944500 ms  DeleteObjects: 0.105600 ms)

AssetImportParameters requested are different than current active one (requested -> active):
  custom:framework-win-MediaFoundation: 216162199b28c13a410421893ffa2e32 -> 
  custom:video-decoder-ogg-theora: a1e56fd34408186e4bbccfd4996cb3dc -> 
  custom:container-muxer-webm: aa71ff27fc2769a1b78a27578f13a17b -> 
  custom:container-demuxer-webm: 4f35f7cbe854078d1ac9338744f61a02 -> 
  custom:container-demuxer-ogg: 62fdf1f143b41e24485cea50d1cbac27 -> 
  custom:video-encoder-webm-vp8: eb34c28f22e8b96e1ab97ce403110664 -> 
  custom:video-decoder-webm-vp8: 9c59270c3fd7afecdb556c50c9e8de78 -> 
  custom:audio-decoder-ogg-vorbis: bf7c407c2cedff20999df2af8eb42d56 -> 
  custom:audio-encoder-webm-vorbis: bf7c407c2cedff20999df2af8eb42d56 -> 
========================================================================
Received Import Request.
  path: Assets/explosion.wav
  artifactKey: Guid(8081ed5c6bdb44f4ebb2629ee7689f45) Importer(815301076,1909f56bfc062723c751e8b465ee728b)
Start importing Assets/explosion.wav using Guid(8081ed5c6bdb44f4ebb2629ee7689f45) Importer(815301076,1909f56bfc062723c751e8b465ee728b)  -> (artifact id: '8205bfed47888ecca68b35a162bbdcea') in 0.248808 seconds 
  Import took 0.252841 seconds .

========================================================================
Received Import Request.
  Time since last request: 0.000396 seconds.
  path: Assets/background-music.wav
  artifactKey: Guid(18b589a60a023f848832a28321c133bb) Importer(815301076,1909f56bfc062723c751e8b465ee728b)
Start importing Assets/background-music.wav using Guid(18b589a60a023f848832a28321c133bb) Importer(815301076,1909f56bfc062723c751e8b465ee728b)  -> (artifact id: '3e2c98ed297e960d17526442a88a3d55') in 0.034827 seconds 
  Import took 0.042061 seconds .

========================================================================
Received Import Request.
  Time since last request: 0.000219 seconds.
  path: Assets/flint_like_rock_4787.jpg
  artifactKey: Guid(9deccd4d257b2a94abd89198453c20ef) Importer(815301076,1909f56bfc062723c751e8b465ee728b)
Start importing Assets/flint_like_rock_4787.jpg using Guid(9deccd4d257b2a94abd89198453c20ef) Importer(815301076,1909f56bfc062723c751e8b465ee728b)  -> (artifact id: 'c77392663fae4e89a607c2018d89be54') in 0.073826 seconds 
  Import took 0.079328 seconds .

========================================================================
Received Import Request.
  Time since last request: 0.000276 seconds.
  path: Assets/background-music.wav
  artifactKey: Guid(18b589a60a023f848832a28321c133bb) Importer(815301076,1909f56bfc062723c751e8b465ee728b)
Start importing Assets/background-music.wav using Guid(18b589a60a023f848832a28321c133bb) Importer(815301076,1909f56bfc062723c751e8b465ee728b)  -> (artifact id: '3e2c98ed297e960d17526442a88a3d55') in 0.034441 seconds 
  Import took 0.040289 seconds .

========================================================================
Received Import Request.
  Time since last request: 0.000222 seconds.
  path: Assets/shoot.wav
  artifactKey: Guid(9b624edacf403fd4787bdabf7d80a7f0) Importer(815301076,1909f56bfc062723c751e8b465ee728b)
Start importing Assets/shoot.wav using Guid(9b624edacf403fd4787bdabf7d80a7f0) Importer(815301076,1909f56bfc062723c751e8b465ee728b)  -> (artifact id: '3ce3fcd4cbc7deb1d366337c95b4a76c') in 0.020961 seconds 
  Import took 0.030587 seconds .

========================================================================
Received Import Request.
  Time since last request: 0.005274 seconds.
  path: Assets/shoot.wav
  artifactKey: Guid(9b624edacf403fd4787bdabf7d80a7f0) Importer(815301076,1909f56bfc062723c751e8b465ee728b)
Start importing Assets/shoot.wav using Guid(9b624edacf403fd4787bdabf7d80a7f0) Importer(815301076,1909f56bfc062723c751e8b465ee728b)  -> (artifact id: '3ce3fcd4cbc7deb1d366337c95b4a76c') in 0.015927 seconds 
  Import took 0.025141 seconds .

========================================================================
Received Import Request.
  Time since last request: 62.087390 seconds.
  path: Assets
  artifactKey: Guid(00000000000000001000000000000000) Importer(815301076,1909f56bfc062723c751e8b465ee728b)
Start importing Assets using Guid(00000000000000001000000000000000) Importer(815301076,1909f56bfc062723c751e8b465ee728b)  -> (artifact id: '42d402b061de3733987d63b9cc3b64de') in 0.012912 seconds 
  Import took 0.017060 seconds .

========================================================================
Received Import Request.
  Time since last request: 30.638483 seconds.
  path: Assets/New Folder
  artifactKey: Guid(408112c5ec8ec9d45be0ed73b1e99238) Importer(815301076,1909f56bfc062723c751e8b465ee728b)
Start importing Assets/New Folder using Guid(408112c5ec8ec9d45be0ed73b1e99238) Importer(815301076,1909f56bfc062723c751e8b465ee728b)  -> (artifact id: '6d2cfcea8c5c016e01cde09bdb2b35e2') in 0.010487 seconds 
  Import took 0.016729 seconds .

========================================================================
Received Import Request.
  Time since last request: 0.000603 seconds.
  path: Assets/New Folder
  artifactKey: Guid(408112c5ec8ec9d45be0ed73b1e99238) Importer(815301076,1909f56bfc062723c751e8b465ee728b)
Start importing Assets/New Folder using Guid(408112c5ec8ec9d45be0ed73b1e99238) Importer(815301076,1909f56bfc062723c751e8b465ee728b)  -> (artifact id: '6d2cfcea8c5c016e01cde09bdb2b35e2') in 0.003811 seconds 
  Import took 0.008768 seconds .

========================================================================
Received Import Request.
  Time since last request: 11.583635 seconds.
  path: Assets/materials
  artifactKey: Guid(408112c5ec8ec9d45be0ed73b1e99238) Importer(815301076,1909f56bfc062723c751e8b465ee728b)
Start importing Assets/materials using Guid(408112c5ec8ec9d45be0ed73b1e99238) Importer(815301076,1909f56bfc062723c751e8b465ee728b)  -> (artifact id: '4f016277ec455f7c1dff15c3a73e34e9') in 0.012331 seconds 
  Import took 0.016610 seconds .

========================================================================
Received Import Request.
  Time since last request: 31.618127 seconds.
  path: Assets/models
  artifactKey: Guid(b61a31a100f358543b5564adc630cbb5) Importer(815301076,1909f56bfc062723c751e8b465ee728b)
Start importing Assets/models using Guid(b61a31a100f358543b5564adc630cbb5) Importer(815301076,1909f56bfc062723c751e8b465ee728b)  -> (artifact id: 'f36f5ef4c5fcdb6cadbaaea181456d64') in 0.011684 seconds 
  Import took 0.016011 seconds .

========================================================================
Received Import Request.
  Time since last request: 10.493314 seconds.
  path: Assets/prefabs
  artifactKey: Guid(e31afaac7fb29ae4792bc232cfb653bb) Importer(815301076,1909f56bfc062723c751e8b465ee728b)
Start importing Assets/prefabs using Guid(e31afaac7fb29ae4792bc232cfb653bb) Importer(815301076,1909f56bfc062723c751e8b465ee728b)  -> (artifact id: '7e053274021b85b21c4c77cf215d989f') in 0.010802 seconds 
  Import took 0.015385 seconds .

========================================================================
Received Import Request.
  Time since last request: 11.454245 seconds.
  path: Assets/scripts
  artifactKey: Guid(0032dbc192da0cd4595df92f3b36835b) Importer(815301076,1909f56bfc062723c751e8b465ee728b)
Start importing Assets/scripts using Guid(0032dbc192da0cd4595df92f3b36835b) Importer(815301076,1909f56bfc062723c751e8b465ee728b)  -> (artifact id: '373da0020e19c5e6daf1f563a8280b60') in 0.016328 seconds 
  Import took 0.021975 seconds .

========================================================================
Received Import Request.
  Time since last request: 0.000732 seconds.
  path: Assets/scripts
  artifactKey: Guid(0032dbc192da0cd4595df92f3b36835b) Importer(815301076,1909f56bfc062723c751e8b465ee728b)
Start importing Assets/scripts using Guid(0032dbc192da0cd4595df92f3b36835b) Importer(815301076,1909f56bfc062723c751e8b465ee728b)  -> (artifact id: '373da0020e19c5e6daf1f563a8280b60') in 0.006336 seconds 
  Import took 0.011973 seconds .

========================================================================
Received Import Request.
  Time since last request: 9.888677 seconds.
  path: Assets/sounds
  artifactKey: Guid(ec8329e8b47b5fc43a188ac8727ac995) Importer(815301076,1909f56bfc062723c751e8b465ee728b)
Start importing Assets/sounds using Guid(ec8329e8b47b5fc43a188ac8727ac995) Importer(815301076,1909f56bfc062723c751e8b465ee728b)  -> (artifact id: 'ce1e6c8a8c2d0614cbdcc94a1187669e') in 0.014549 seconds 
  Import took 0.019586 seconds .

========================================================================
Received Import Request.
  Time since last request: 9.187181 seconds.
  path: Assets/textures
  artifactKey: Guid(29d8d7e06bc84fb4e894cbcc1a6c9725) Importer(815301076,1909f56bfc062723c751e8b465ee728b)
Start importing Assets/textures using Guid(29d8d7e06bc84fb4e894cbcc1a6c9725) Importer(815301076,1909f56bfc062723c751e8b465ee728b)  -> (artifact id: '1ec4a96882a7a67bc21c05238b0170bc') in 0.011713 seconds 
  Import took 0.016684 seconds .

========================================================================
Received Prepare
Registering precompiled user dll's ...
Registered in 0.009136 seconds.
Begin MonoManager ReloadAssembly
Native extension for WindowsStandalone target not found
Native extension for WebGL target not found
Refreshing native plugins compatible for Editor in 0.89 ms, found 2 plugins.
Preloading 0 native plugins for Editor in 0.00 ms.
Mono: successfully reloaded assembly
- Completed reload, in  1.703 seconds
Domain Reload Profiling:
	ReloadAssembly (1703ms)
		BeginReloadAssembly (167ms)
			ExecutionOrderSort (0ms)
			DisableScriptedObjects (8ms)
			BackupInstance (0ms)
			ReleaseScriptingObjects (0ms)
			CreateAndSetChildDomain (45ms)
		EndReloadAssembly (1434ms)
			LoadAssemblies (146ms)
			RebuildTransferFunctionScriptingTraits (0ms)
			SetupTypeCache (431ms)
			ReleaseScriptCaches (1ms)
			RebuildScriptCaches (60ms)
			SetupLoadedEditorAssemblies (652ms)
				LogAssemblyErrors (0ms)
				InitializePlatformSupportModulesInManaged (9ms)
				SetLoadedEditorAssemblies (1ms)
				RefreshPlugins (1ms)
				BeforeProcessingInitializeOnLoad (103ms)
				ProcessInitializeOnLoadAttributes (473ms)
				ProcessInitializeOnLoadMethodAttributes (50ms)
				AfterProcessingInitializeOnLoad (15ms)
				EditorAssembliesLoaded (0ms)
			ExecutionOrderSort2 (0ms)
			AwakeInstancesAfterBackupRestoration (11ms)
Platform modules already initialized, skipping
Refreshing native plugins compatible for Editor in 0.91 ms, found 2 plugins.
Preloading 0 native plugins for Editor in 0.00 ms.
Unloading 1951 Unused Serialized files (Serialized files now loaded: 0)
System memory in use before: 83.6 MB.
System memory in use after: 83.7 MB.

Unloading 49 unused Assets to reduce memory usage. Loaded Objects now: 2375.
Total: 7.363000 ms (FindLiveObjects: 0.193500 ms CreateObjectMapping: 0.089800 ms MarkObjects: 7.024800 ms  DeleteObjects: 0.053000 ms)

AssetImportParameters requested are different than current active one (requested -> active):
  custom:framework-win-MediaFoundation: 216162199b28c13a410421893ffa2e32 -> 
  custom:video-decoder-ogg-theora: a1e56fd34408186e4bbccfd4996cb3dc -> 
  custom:container-muxer-webm: aa71ff27fc2769a1b78a27578f13a17b -> 
  custom:container-demuxer-webm: 4f35f7cbe854078d1ac9338744f61a02 -> 
  custom:container-demuxer-ogg: 62fdf1f143b41e24485cea50d1cbac27 -> 
  custom:video-encoder-webm-vp8: eb34c28f22e8b96e1ab97ce403110664 -> 
  custom:video-decoder-webm-vp8: 9c59270c3fd7afecdb556c50c9e8de78 -> 
  custom:audio-decoder-ogg-vorbis: bf7c407c2cedff20999df2af8eb42d56 -> 
  custom:audio-encoder-webm-vorbis: bf7c407c2cedff20999df2af8eb42d56 -> 
========================================================================
Received Prepare
Registering precompiled user dll's ...
Registered in 0.009016 seconds.
Begin MonoManager ReloadAssembly
Native extension for WindowsStandalone target not found
Native extension for WebGL target not found
Refreshing native plugins compatible for Editor in 0.95 ms, found 2 plugins.
Preloading 0 native plugins for Editor in 0.00 ms.
Mono: successfully reloaded assembly
- Completed reload, in  1.761 seconds
Domain Reload Profiling:
	ReloadAssembly (1762ms)
		BeginReloadAssembly (184ms)
			ExecutionOrderSort (0ms)
			DisableScriptedObjects (9ms)
			BackupInstance (0ms)
			ReleaseScriptingObjects (0ms)
			CreateAndSetChildDomain (43ms)
		EndReloadAssembly (1402ms)
			LoadAssemblies (158ms)
			RebuildTransferFunctionScriptingTraits (0ms)
			SetupTypeCache (416ms)
			ReleaseScriptCaches (1ms)
			RebuildScriptCaches (62ms)
			SetupLoadedEditorAssemblies (634ms)
				LogAssemblyErrors (0ms)
				InitializePlatformSupportModulesInManaged (9ms)
				SetLoadedEditorAssemblies (1ms)
				RefreshPlugins (1ms)
				BeforeProcessingInitializeOnLoad (101ms)
				ProcessInitializeOnLoadAttributes (460ms)
				ProcessInitializeOnLoadMethodAttributes (47ms)
				AfterProcessingInitializeOnLoad (15ms)
				EditorAssembliesLoaded (0ms)
			ExecutionOrderSort2 (0ms)
			AwakeInstancesAfterBackupRestoration (10ms)
Platform modules already initialized, skipping
Refreshing native plugins compatible for Editor in 0.91 ms, found 2 plugins.
Preloading 0 native plugins for Editor in 0.00 ms.
Unloading 1951 Unused Serialized files (Serialized files now loaded: 0)
System memory in use before: 83.7 MB.
System memory in use after: 83.8 MB.

Unloading 49 unused Assets to reduce memory usage. Loaded Objects now: 2378.
Total: 7.908100 ms (FindLiveObjects: 0.183900 ms CreateObjectMapping: 0.086300 ms MarkObjects: 7.591900 ms  DeleteObjects: 0.043800 ms)

AssetImportParameters requested are different than current active one (requested -> active):
  custom:framework-win-MediaFoundation: 216162199b28c13a410421893ffa2e32 -> 
  custom:video-decoder-ogg-theora: a1e56fd34408186e4bbccfd4996cb3dc -> 
  custom:container-muxer-webm: aa71ff27fc2769a1b78a27578f13a17b -> 
  custom:container-demuxer-webm: 4f35f7cbe854078d1ac9338744f61a02 -> 
  custom:container-demuxer-ogg: 62fdf1f143b41e24485cea50d1cbac27 -> 
  custom:video-encoder-webm-vp8: eb34c28f22e8b96e1ab97ce403110664 -> 
  custom:video-decoder-webm-vp8: 9c59270c3fd7afecdb556c50c9e8de78 -> 
  custom:audio-decoder-ogg-vorbis: bf7c407c2cedff20999df2af8eb42d56 -> 
  custom:audio-encoder-webm-vorbis: bf7c407c2cedff20999df2af8eb42d56 -> 
========================================================================
Received Import Request.
  Time since last request: 31.811688 seconds.
  path: Assets/IonCannon.cs
  artifactKey: Guid(09e45a638fb046c468b141276948277c) Importer(815301076,1909f56bfc062723c751e8b465ee728b)
Start importing Assets/IonCannon.cs using Guid(09e45a638fb046c468b141276948277c) Importer(815301076,1909f56bfc062723c751e8b465ee728b)  -> (artifact id: '6dd5bc215d15c4495651b7e9b60080ff') in 0.016029 seconds 
  Import took 0.019760 seconds .

========================================================================
Received Import Request.
  Time since last request: 0.054177 seconds.
  path: Assets/ScreenWrap.cs
  artifactKey: Guid(c277e58a2af6d0549952872bf8bd34b3) Importer(815301076,1909f56bfc062723c751e8b465ee728b)
Start importing Assets/ScreenWrap.cs using Guid(c277e58a2af6d0549952872bf8bd34b3) Importer(815301076,1909f56bfc062723c751e8b465ee728b)  -> (artifact id: '4286001d6334262bf3b4435d24ee155a') in 0.010570 seconds 
  Import took 0.014815 seconds .

========================================================================
Received Prepare
Registering precompiled user dll's ...
Registered in 0.009605 seconds.
Begin MonoManager ReloadAssembly
Native extension for WindowsStandalone target not found
Native extension for WebGL target not found
Refreshing native plugins compatible for Editor in 0.89 ms, found 2 plugins.
Preloading 0 native plugins for Editor in 0.00 ms.
Mono: successfully reloaded assembly
- Completed reload, in  1.701 seconds
Domain Reload Profiling:
	ReloadAssembly (1702ms)
		BeginReloadAssembly (174ms)
			ExecutionOrderSort (0ms)
			DisableScriptedObjects (9ms)
			BackupInstance (0ms)
			ReleaseScriptingObjects (0ms)
			CreateAndSetChildDomain (46ms)
		EndReloadAssembly (1414ms)
			LoadAssemblies (196ms)
			RebuildTransferFunctionScriptingTraits (0ms)
			SetupTypeCache (390ms)
			ReleaseScriptCaches (1ms)
			RebuildScriptCaches (58ms)
			SetupLoadedEditorAssemblies (632ms)
				LogAssemblyErrors (0ms)
				InitializePlatformSupportModulesInManaged (9ms)
				SetLoadedEditorAssemblies (2ms)
				RefreshPlugins (1ms)
				BeforeProcessingInitializeOnLoad (100ms)
				ProcessInitializeOnLoadAttributes (456ms)
				ProcessInitializeOnLoadMethodAttributes (49ms)
				AfterProcessingInitializeOnLoad (16ms)
				EditorAssembliesLoaded (0ms)
			ExecutionOrderSort2 (0ms)
			AwakeInstancesAfterBackupRestoration (11ms)
Platform modules already initialized, skipping
Refreshing native plugins compatible for Editor in 0.91 ms, found 2 plugins.
Preloading 0 native plugins for Editor in 0.00 ms.
Unloading 1951 Unused Serialized files (Serialized files now loaded: 0)
System memory in use before: 83.7 MB.
System memory in use after: 83.8 MB.

Unloading 49 unused Assets to reduce memory usage. Loaded Objects now: 2381.
Total: 8.046100 ms (FindLiveObjects: 0.239200 ms CreateObjectMapping: 0.149700 ms MarkObjects: 7.616100 ms  DeleteObjects: 0.039000 ms)

AssetImportParameters requested are different than current active one (requested -> active):
  custom:framework-win-MediaFoundation: 216162199b28c13a410421893ffa2e32 -> 
  custom:video-decoder-ogg-theora: a1e56fd34408186e4bbccfd4996cb3dc -> 
  custom:container-muxer-webm: aa71ff27fc2769a1b78a27578f13a17b -> 
  custom:container-demuxer-webm: 4f35f7cbe854078d1ac9338744f61a02 -> 
  custom:container-demuxer-ogg: 62fdf1f143b41e24485cea50d1cbac27 -> 
  custom:video-encoder-webm-vp8: eb34c28f22e8b96e1ab97ce403110664 -> 
  custom:video-decoder-webm-vp8: 9c59270c3fd7afecdb556c50c9e8de78 -> 
  custom:audio-decoder-ogg-vorbis: bf7c407c2cedff20999df2af8eb42d56 -> 
  custom:audio-encoder-webm-vorbis: bf7c407c2cedff20999df2af8eb42d56 -> 
========================================================================
Received Prepare
Registering precompiled user dll's ...
Registered in 0.008765 seconds.
Begin MonoManager ReloadAssembly
Native extension for WindowsStandalone target not found
Native extension for WebGL target not found
Refreshing native plugins compatible for Editor in 0.91 ms, found 2 plugins.
Preloading 0 native plugins for Editor in 0.00 ms.
Mono: successfully reloaded assembly
- Completed reload, in  1.713 seconds
Domain Reload Profiling:
	ReloadAssembly (1713ms)
		BeginReloadAssembly (169ms)
			ExecutionOrderSort (0ms)
			DisableScriptedObjects (9ms)
			BackupInstance (0ms)
			ReleaseScriptingObjects (0ms)
			CreateAndSetChildDomain (46ms)
		EndReloadAssembly (1414ms)
			LoadAssemblies (160ms)
			RebuildTransferFunctionScriptingTraits (0ms)
			SetupTypeCache (403ms)
			ReleaseScriptCaches (1ms)
			RebuildScriptCaches (60ms)
			SetupLoadedEditorAssemblies (638ms)
				LogAssemblyErrors (0ms)
				InitializePlatformSupportModulesInManaged (9ms)
				SetLoadedEditorAssemblies (2ms)
				RefreshPlugins (1ms)
				BeforeProcessingInitializeOnLoad (99ms)
				ProcessInitializeOnLoadAttributes (462ms)
				ProcessInitializeOnLoadMethodAttributes (50ms)
				AfterProcessingInitializeOnLoad (15ms)
				EditorAssembliesLoaded (0ms)
			ExecutionOrderSort2 (0ms)
			AwakeInstancesAfterBackupRestoration (10ms)
Platform modules already initialized, skipping
Refreshing native plugins compatible for Editor in 0.91 ms, found 2 plugins.
Preloading 0 native plugins for Editor in 0.00 ms.
Unloading 1951 Unused Serialized files (Serialized files now loaded: 0)
System memory in use before: 83.7 MB.
System memory in use after: 83.8 MB.

Unloading 49 unused Assets to reduce memory usage. Loaded Objects now: 2384.
Total: 7.603600 ms (FindLiveObjects: 0.219500 ms CreateObjectMapping: 0.125900 ms MarkObjects: 7.215200 ms  DeleteObjects: 0.040600 ms)

AssetImportParameters requested are different than current active one (requested -> active):
  custom:framework-win-MediaFoundation: 216162199b28c13a410421893ffa2e32 -> 
  custom:video-decoder-ogg-theora: a1e56fd34408186e4bbccfd4996cb3dc -> 
  custom:container-muxer-webm: aa71ff27fc2769a1b78a27578f13a17b -> 
  custom:container-demuxer-webm: 4f35f7cbe854078d1ac9338744f61a02 -> 
  custom:container-demuxer-ogg: 62fdf1f143b41e24485cea50d1cbac27 -> 
  custom:video-encoder-webm-vp8: eb34c28f22e8b96e1ab97ce403110664 -> 
  custom:video-decoder-webm-vp8: 9c59270c3fd7afecdb556c50c9e8de78 -> 
  custom:audio-decoder-ogg-vorbis: bf7c407c2cedff20999df2af8eb42d56 -> 
  custom:audio-encoder-webm-vorbis: bf7c407c2cedff20999df2af8eb42d56 -> 
========================================================================
Received Import Request.
  Time since last request: 251.496371 seconds.
  path: Assets/hextraction_pod.fbx
  artifactKey: Guid(6ddb68b3d74603549aaa9e3cef451c6f) Importer(815301076,1909f56bfc062723c751e8b465ee728b)
Start importing Assets/hextraction_pod.fbx using Guid(6ddb68b3d74603549aaa9e3cef451c6f) Importer(815301076,1909f56bfc062723c751e8b465ee728b)  -> (artifact id: 'edb0bc85a2b1d5e2dba62f1db8718812') in 0.941538 seconds 
  Import took 0.946398 seconds .

========================================================================
Received Import Request.
  Time since last request: 0.000316 seconds.
  path: Assets/p_pod_normal.jpg
  artifactKey: Guid(2a2a555c283d395418b636ef8b56603f) Importer(815301076,1909f56bfc062723c751e8b465ee728b)
Start importing Assets/p_pod_normal.jpg using Guid(2a2a555c283d395418b636ef8b56603f) Importer(815301076,1909f56bfc062723c751e8b465ee728b)  -> (artifact id: '7beb934544aeb126797be45d5267edb7') in 0.035313 seconds 
  Import took 0.039170 seconds .

========================================================================
Received Import Request.
  Time since last request: 0.000275 seconds.
  path: Assets/p_pod_emission.jpg
  artifactKey: Guid(99c540656d8095f46b29cfea52b5a0fa) Importer(815301076,1909f56bfc062723c751e8b465ee728b)
Start importing Assets/p_pod_emission.jpg using Guid(99c540656d8095f46b29cfea52b5a0fa) Importer(815301076,1909f56bfc062723c751e8b465ee728b)  -> (artifact id: 'a5c17c32c2038f0d26ae64920eeab013') in 0.027464 seconds 
  Import took 0.032470 seconds .

========================================================================
Received Import Request.
  Time since last request: 0.000487 seconds.
  path: Assets/p_pod_spec.jpg
  artifactKey: Guid(ff370e62b6a5c954f90493d1de20f80b) Importer(815301076,1909f56bfc062723c751e8b465ee728b)
Start importing Assets/p_pod_spec.jpg using Guid(ff370e62b6a5c954f90493d1de20f80b) Importer(815301076,1909f56bfc062723c751e8b465ee728b)  -> (artifact id: '7ab19ed346826c9a11268fb6da36ff58') in 0.032634 seconds 
  Import took 0.036996 seconds .

========================================================================
Received Import Request.
  Time since last request: 0.000229 seconds.
  path: Assets/p_pod_diffuse.jpg
  artifactKey: Guid(30495da3a5cd7384f9b334f9aea9105e) Importer(815301076,1909f56bfc062723c751e8b465ee728b)
Start importing Assets/p_pod_diffuse.jpg using Guid(30495da3a5cd7384f9b334f9aea9105e) Importer(815301076,1909f56bfc062723c751e8b465ee728b)  -> (artifact id: '4912da5e4081d6a900e01858baa522f2') in 0.028291 seconds 
  Import took 0.033182 seconds .

========================================================================
Received Import Request.
  Time since last request: 10.812328 seconds.
  path: Assets/p_pod_normal.jpg
  artifactKey: Guid(2a2a555c283d395418b636ef8b56603f) Importer(815301076,1909f56bfc062723c751e8b465ee728b)
Start importing Assets/p_pod_normal.jpg using Guid(2a2a555c283d395418b636ef8b56603f) Importer(815301076,1909f56bfc062723c751e8b465ee728b)  -> (artifact id: 'e7a24899bfdffdd88f170503c4833586') in 0.022850 seconds 
  Import took 0.027240 seconds .

========================================================================
Received Import Request.
  Time since last request: 91.877522 seconds.
  path: Assets/hextraction_pod.fbx
  artifactKey: Guid(6ddb68b3d74603549aaa9e3cef451c6f) Importer(815301076,1909f56bfc062723c751e8b465ee728b)
Start importing Assets/hextraction_pod.fbx using Guid(6ddb68b3d74603549aaa9e3cef451c6f) Importer(815301076,1909f56bfc062723c751e8b465ee728b)  -> (artifact id: '3c50f4ea765b404836e463306caffbf8') in 0.190530 seconds 
  Import took 0.195183 seconds .

========================================================================
Received Import Request.
  Time since last request: 155.249973 seconds.
  path: Assets/prefabs/hextraction_pod.prefab
  artifactKey: Guid(b0ad7fdf3f64a01479cacb488d35d861) Importer(815301076,1909f56bfc062723c751e8b465ee728b)
Start importing Assets/prefabs/hextraction_pod.prefab using Guid(b0ad7fdf3f64a01479cacb488d35d861) Importer(815301076,1909f56bfc062723c751e8b465ee728b)  -> (artifact id: 'b2776763de289513a4104f47d265f806') in 0.038254 seconds 
  Import took 0.043113 seconds .

========================================================================
Received Import Request.
  Time since last request: 0.005689 seconds.
  path: Assets/prefabs/hextraction_pod.prefab
  artifactKey: Guid(b0ad7fdf3f64a01479cacb488d35d861) Importer(815301076,1909f56bfc062723c751e8b465ee728b)
Start importing Assets/prefabs/hextraction_pod.prefab using Guid(b0ad7fdf3f64a01479cacb488d35d861) Importer(815301076,1909f56bfc062723c751e8b465ee728b)  -> (artifact id: 'b2776763de289513a4104f47d265f806') in 0.029741 seconds 
  Import took 0.035057 seconds .

========================================================================
Received Import Request.
  Time since last request: 194.128825 seconds.
  path: Assets/prefabs/hextraction_pod.prefab
  artifactKey: Guid(b0ad7fdf3f64a01479cacb488d35d861) Importer(815301076,1909f56bfc062723c751e8b465ee728b)
Start importing Assets/prefabs/hextraction_pod.prefab using Guid(b0ad7fdf3f64a01479cacb488d35d861) Importer(815301076,1909f56bfc062723c751e8b465ee728b)  -> (artifact id: 'aa64bc6c902c08134522e90b874c1931') in 0.031893 seconds 
  Import took 0.037670 seconds .

========================================================================
Received Prepare
Registering precompiled user dll's ...
Registered in 0.009036 seconds.
Begin MonoManager ReloadAssembly
Native extension for WindowsStandalone target not found
Native extension for WebGL target not found
Refreshing native plugins compatible for Editor in 0.87 ms, found 2 plugins.
Preloading 0 native plugins for Editor in 0.00 ms.
Mono: successfully reloaded assembly
- Completed reload, in  1.682 seconds
Domain Reload Profiling:
	ReloadAssembly (1683ms)
		BeginReloadAssembly (170ms)
			ExecutionOrderSort (0ms)
			DisableScriptedObjects (8ms)
			BackupInstance (0ms)
			ReleaseScriptingObjects (0ms)
			CreateAndSetChildDomain (46ms)
		EndReloadAssembly (1409ms)
			LoadAssemblies (148ms)
			RebuildTransferFunctionScriptingTraits (0ms)
			SetupTypeCache (408ms)
			ReleaseScriptCaches (1ms)
			RebuildScriptCaches (62ms)
			SetupLoadedEditorAssemblies (647ms)
				LogAssemblyErrors (0ms)
				InitializePlatformSupportModulesInManaged (9ms)
				SetLoadedEditorAssemblies (1ms)
				RefreshPlugins (1ms)
				BeforeProcessingInitializeOnLoad (103ms)
				ProcessInitializeOnLoadAttributes (473ms)
				ProcessInitializeOnLoadMethodAttributes (46ms)
				AfterProcessingInitializeOnLoad (14ms)
				EditorAssembliesLoaded (0ms)
			ExecutionOrderSort2 (0ms)
			AwakeInstancesAfterBackupRestoration (10ms)
Platform modules already initialized, skipping
Refreshing native plugins compatible for Editor in 0.90 ms, found 2 plugins.
Preloading 0 native plugins for Editor in 0.00 ms.
Unloading 1951 Unused Serialized files (Serialized files now loaded: 0)
System memory in use before: 84.3 MB.
System memory in use after: 84.4 MB.

Unloading 49 unused Assets to reduce memory usage. Loaded Objects now: 2426.
Total: 7.091900 ms (FindLiveObjects: 0.232300 ms CreateObjectMapping: 0.087500 ms MarkObjects: 6.725800 ms  DeleteObjects: 0.044500 ms)

AssetImportParameters requested are different than current active one (requested -> active):
  custom:framework-win-MediaFoundation: 216162199b28c13a410421893ffa2e32 -> 
  custom:video-decoder-ogg-theora: a1e56fd34408186e4bbccfd4996cb3dc -> 
  custom:container-muxer-webm: aa71ff27fc2769a1b78a27578f13a17b -> 
  custom:container-demuxer-webm: 4f35f7cbe854078d1ac9338744f61a02 -> 
  custom:container-demuxer-ogg: 62fdf1f143b41e24485cea50d1cbac27 -> 
  custom:video-encoder-webm-vp8: eb34c28f22e8b96e1ab97ce403110664 -> 
  custom:video-decoder-webm-vp8: 9c59270c3fd7afecdb556c50c9e8de78 -> 
  custom:audio-decoder-ogg-vorbis: bf7c407c2cedff20999df2af8eb42d56 -> 
  custom:audio-encoder-webm-vorbis: bf7c407c2cedff20999df2af8eb42d56 -> 
========================================================================
Received Prepare
Registering precompiled user dll's ...
Registered in 0.009459 seconds.
Begin MonoManager ReloadAssembly
Native extension for WindowsStandalone target not found
Native extension for WebGL target not found
Refreshing native plugins compatible for Editor in 0.92 ms, found 2 plugins.
Preloading 0 native plugins for Editor in 0.00 ms.
Mono: successfully reloaded assembly
- Completed reload, in  1.681 seconds
Domain Reload Profiling:
	ReloadAssembly (1681ms)
		BeginReloadAssembly (160ms)
			ExecutionOrderSort (0ms)
			DisableScriptedObjects (9ms)
			BackupInstance (0ms)
			ReleaseScriptingObjects (0ms)
			CreateAndSetChildDomain (43ms)
		EndReloadAssembly (1420ms)
			LoadAssemblies (146ms)
			RebuildTransferFunctionScriptingTraits (0ms)
			SetupTypeCache (394ms)
			ReleaseScriptCaches (1ms)
			RebuildScriptCaches (60ms)
			SetupLoadedEditorAssemblies (663ms)
				LogAssemblyErrors (0ms)
				InitializePlatformSupportModulesInManaged (10ms)
				SetLoadedEditorAssemblies (1ms)
				RefreshPlugins (1ms)
				BeforeProcessingInitializeOnLoad (109ms)
				ProcessInitializeOnLoadAttributes (475ms)
				ProcessInitializeOnLoadMethodAttributes (50ms)
				AfterProcessingInitializeOnLoad (15ms)
				EditorAssembliesLoaded (0ms)
			ExecutionOrderSort2 (0ms)
			AwakeInstancesAfterBackupRestoration (10ms)
Platform modules already initialized, skipping
Refreshing native plugins compatible for Editor in 0.91 ms, found 2 plugins.
Preloading 0 native plugins for Editor in 0.00 ms.
Unloading 1951 Unused Serialized files (Serialized files now loaded: 0)
System memory in use before: 84.3 MB.
System memory in use after: 84.5 MB.

Unloading 49 unused Assets to reduce memory usage. Loaded Objects now: 2429.
Total: 7.468500 ms (FindLiveObjects: 0.204200 ms CreateObjectMapping: 0.094400 ms MarkObjects: 7.132100 ms  DeleteObjects: 0.036000 ms)

AssetImportParameters requested are different than current active one (requested -> active):
  custom:framework-win-MediaFoundation: 216162199b28c13a410421893ffa2e32 -> 
  custom:video-decoder-ogg-theora: a1e56fd34408186e4bbccfd4996cb3dc -> 
  custom:container-muxer-webm: aa71ff27fc2769a1b78a27578f13a17b -> 
  custom:container-demuxer-webm: 4f35f7cbe854078d1ac9338744f61a02 -> 
  custom:container-demuxer-ogg: 62fdf1f143b41e24485cea50d1cbac27 -> 
  custom:video-encoder-webm-vp8: eb34c28f22e8b96e1ab97ce403110664 -> 
  custom:video-decoder-webm-vp8: 9c59270c3fd7afecdb556c50c9e8de78 -> 
  custom:audio-decoder-ogg-vorbis: bf7c407c2cedff20999df2af8eb42d56 -> 
  custom:audio-encoder-webm-vorbis: bf7c407c2cedff20999df2af8eb42d56 -> 
========================================================================
Received Import Request.
  Time since last request: 1292.389672 seconds.
  path: Assets/prefabs/Bullet.prefab
  artifactKey: Guid(be9d6e16f96c52443a0531c33e7b8683) Importer(815301076,1909f56bfc062723c751e8b465ee728b)
Start importing Assets/prefabs/Bullet.prefab using Guid(be9d6e16f96c52443a0531c33e7b8683) Importer(815301076,1909f56bfc062723c751e8b465ee728b)  -> (artifact id: '59b42496c19af4d5fb3bfbf07d768bfc') in 0.091689 seconds 
  Import took 0.096971 seconds .

========================================================================
Received Import Request.
  Time since last request: 70.636543 seconds.
  path: Assets/prefabs/Bullet.prefab
  artifactKey: Guid(be9d6e16f96c52443a0531c33e7b8683) Importer(815301076,1909f56bfc062723c751e8b465ee728b)
Start importing Assets/prefabs/Bullet.prefab using Guid(be9d6e16f96c52443a0531c33e7b8683) Importer(815301076,1909f56bfc062723c751e8b465ee728b)  -> (artifact id: '1fbb913c95067324c579695645c4ea00') in 0.012766 seconds 
  Import took 0.017454 seconds .

========================================================================
Received Import Request.
  Time since last request: 0.020310 seconds.
  path: Assets/prefabs/Bullet.prefab
  artifactKey: Guid(be9d6e16f96c52443a0531c33e7b8683) Importer(815301076,1909f56bfc062723c751e8b465ee728b)
Start importing Assets/prefabs/Bullet.prefab using Guid(be9d6e16f96c52443a0531c33e7b8683) Importer(815301076,1909f56bfc062723c751e8b465ee728b)  -> (artifact id: '1fbb913c95067324c579695645c4ea00') in 0.014364 seconds 
  Import took 0.018667 seconds .

========================================================================
Received Prepare
Registering precompiled user dll's ...
Registered in 0.009087 seconds.
Begin MonoManager ReloadAssembly
Native extension for WindowsStandalone target not found
Native extension for WebGL target not found
Refreshing native plugins compatible for Editor in 0.99 ms, found 2 plugins.
Preloading 0 native plugins for Editor in 0.00 ms.
Mono: successfully reloaded assembly
- Completed reload, in  1.734 seconds
Domain Reload Profiling:
	ReloadAssembly (1734ms)
		BeginReloadAssembly (162ms)
			ExecutionOrderSort (0ms)
			DisableScriptedObjects (8ms)
			BackupInstance (0ms)
			ReleaseScriptingObjects (0ms)
			CreateAndSetChildDomain (44ms)
		EndReloadAssembly (1462ms)
			LoadAssemblies (155ms)
			RebuildTransferFunctionScriptingTraits (0ms)
			SetupTypeCache (418ms)
			ReleaseScriptCaches (1ms)
			RebuildScriptCaches (84ms)
			SetupLoadedEditorAssemblies (654ms)
				LogAssemblyErrors (0ms)
				InitializePlatformSupportModulesInManaged (9ms)
				SetLoadedEditorAssemblies (1ms)
				RefreshPlugins (1ms)
				BeforeProcessingInitializeOnLoad (105ms)
				ProcessInitializeOnLoadAttributes (471ms)
				ProcessInitializeOnLoadMethodAttributes (50ms)
				AfterProcessingInitializeOnLoad (15ms)
				EditorAssembliesLoaded (0ms)
			ExecutionOrderSort2 (0ms)
			AwakeInstancesAfterBackupRestoration (11ms)
Platform modules already initialized, skipping
Refreshing native plugins compatible for Editor in 0.97 ms, found 2 plugins.
Preloading 0 native plugins for Editor in 0.00 ms.
Unloading 1951 Unused Serialized files (Serialized files now loaded: 0)
System memory in use before: 84.4 MB.
System memory in use after: 84.5 MB.

Unloading 50 unused Assets to reduce memory usage. Loaded Objects now: 2434.
Total: 8.057400 ms (FindLiveObjects: 0.196000 ms CreateObjectMapping: 0.087300 ms MarkObjects: 7.723500 ms  DeleteObjects: 0.048700 ms)

AssetImportParameters requested are different than current active one (requested -> active):
  custom:framework-win-MediaFoundation: 216162199b28c13a410421893ffa2e32 -> 
  custom:video-decoder-ogg-theora: a1e56fd34408186e4bbccfd4996cb3dc -> 
  custom:container-muxer-webm: aa71ff27fc2769a1b78a27578f13a17b -> 
  custom:container-demuxer-webm: 4f35f7cbe854078d1ac9338744f61a02 -> 
  custom:container-demuxer-ogg: 62fdf1f143b41e24485cea50d1cbac27 -> 
  custom:video-encoder-webm-vp8: eb34c28f22e8b96e1ab97ce403110664 -> 
  custom:video-decoder-webm-vp8: 9c59270c3fd7afecdb556c50c9e8de78 -> 
  custom:audio-decoder-ogg-vorbis: bf7c407c2cedff20999df2af8eb42d56 -> 
  custom:audio-encoder-webm-vorbis: bf7c407c2cedff20999df2af8eb42d56 -> 
========================================================================
Received Import Request.
  Time since last request: 164.283396 seconds.
  path: Assets/models/rock_d_05.obj
  artifactKey: Guid(0a122a463abefa140ba954ab024c16ba) Importer(815301076,1909f56bfc062723c751e8b465ee728b)
Start importing Assets/models/rock_d_05.obj using Guid(0a122a463abefa140ba954ab024c16ba) Importer(815301076,1909f56bfc062723c751e8b465ee728b)  -> (artifact id: '0e008a11704953e5af14487105aa8812') in 0.136496 seconds 
  Import took 0.141387 seconds .

========================================================================
Received Import Request.
  Time since last request: 26.642205 seconds.
  path: Assets/models/Asteroid.obj
  artifactKey: Guid(0a122a463abefa140ba954ab024c16ba) Importer(815301076,1909f56bfc062723c751e8b465ee728b)
Start importing Assets/models/Asteroid.obj using Guid(0a122a463abefa140ba954ab024c16ba) Importer(815301076,1909f56bfc062723c751e8b465ee728b)  -> (artifact id: '00007685b6bfbe25f1743ec9e0593285') in 0.042222 seconds 
  Import took 0.047069 seconds .

========================================================================
Received Import Request.
  Time since last request: 131.093137 seconds.
  path: Assets/materials/Asteroid.mat
  artifactKey: Guid(ee5a36f9858ebfd459f3b4917c23948a) Importer(815301076,1909f56bfc062723c751e8b465ee728b)
Start importing Assets/materials/Asteroid.mat using Guid(ee5a36f9858ebfd459f3b4917c23948a) Importer(815301076,1909f56bfc062723c751e8b465ee728b)  -> (artifact id: 'eb58c91b6eca893fcd0e282c6b7738f7') in 0.026397 seconds 
  Import took 0.030844 seconds .

========================================================================
Received Import Request.
  Time since last request: 536.991117 seconds.
  path: Assets/prefabs/Asteroid.prefab
  artifactKey: Guid(826aedfc9e1e52047a3f417724ad1520) Importer(815301076,1909f56bfc062723c751e8b465ee728b)
Start importing Assets/prefabs/Asteroid.prefab using Guid(826aedfc9e1e52047a3f417724ad1520) Importer(815301076,1909f56bfc062723c751e8b465ee728b)  -> (artifact id: '939315d9c5898b2830ca534c7674384f') in 0.020361 seconds 
  Import took 0.024861 seconds .

========================================================================
Received Prepare
Registering precompiled user dll's ...
Registered in 0.009851 seconds.
Begin MonoManager ReloadAssembly
Native extension for WindowsStandalone target not found
Native extension for WebGL target not found
Refreshing native plugins compatible for Editor in 0.87 ms, found 2 plugins.
Preloading 0 native plugins for Editor in 0.00 ms.
Mono: successfully reloaded assembly
- Completed reload, in  1.691 seconds
Domain Reload Profiling:
	ReloadAssembly (1691ms)
		BeginReloadAssembly (167ms)
			ExecutionOrderSort (0ms)
			DisableScriptedObjects (10ms)
			BackupInstance (0ms)
			ReleaseScriptingObjects (0ms)
			CreateAndSetChildDomain (43ms)
		EndReloadAssembly (1423ms)
			LoadAssemblies (177ms)
			RebuildTransferFunctionScriptingTraits (0ms)
			SetupTypeCache (397ms)
			ReleaseScriptCaches (1ms)
			RebuildScriptCaches (61ms)
			SetupLoadedEditorAssemblies (636ms)
				LogAssemblyErrors (0ms)
				InitializePlatformSupportModulesInManaged (9ms)
				SetLoadedEditorAssemblies (1ms)
				RefreshPlugins (1ms)
				BeforeProcessingInitializeOnLoad (102ms)
				ProcessInitializeOnLoadAttributes (461ms)
				ProcessInitializeOnLoadMethodAttributes (47ms)
				AfterProcessingInitializeOnLoad (16ms)
				EditorAssembliesLoaded (0ms)
			ExecutionOrderSort2 (0ms)
			AwakeInstancesAfterBackupRestoration (10ms)
Platform modules already initialized, skipping
Refreshing native plugins compatible for Editor in 0.91 ms, found 2 plugins.
Preloading 0 native plugins for Editor in 0.00 ms.
Unloading 1951 Unused Serialized files (Serialized files now loaded: 0)
System memory in use before: 84.4 MB.
System memory in use after: 84.5 MB.

Unloading 49 unused Assets to reduce memory usage. Loaded Objects now: 2438.
Total: 8.124900 ms (FindLiveObjects: 0.194600 ms CreateObjectMapping: 0.086800 ms MarkObjects: 7.790100 ms  DeleteObjects: 0.051500 ms)

AssetImportParameters requested are different than current active one (requested -> active):
  custom:framework-win-MediaFoundation: 216162199b28c13a410421893ffa2e32 -> 
  custom:video-decoder-ogg-theora: a1e56fd34408186e4bbccfd4996cb3dc -> 
  custom:container-muxer-webm: aa71ff27fc2769a1b78a27578f13a17b -> 
  custom:container-demuxer-webm: 4f35f7cbe854078d1ac9338744f61a02 -> 
  custom:container-demuxer-ogg: 62fdf1f143b41e24485cea50d1cbac27 -> 
  custom:video-encoder-webm-vp8: eb34c28f22e8b96e1ab97ce403110664 -> 
  custom:video-decoder-webm-vp8: 9c59270c3fd7afecdb556c50c9e8de78 -> 
  custom:audio-decoder-ogg-vorbis: bf7c407c2cedff20999df2af8eb42d56 -> 
  custom:audio-encoder-webm-vorbis: bf7c407c2cedff20999df2af8eb42d56 -> 
========================================================================
Received Prepare
Registering precompiled user dll's ...
Registered in 0.010043 seconds.
Begin MonoManager ReloadAssembly
Native extension for WindowsStandalone target not found
Native extension for WebGL target not found
Refreshing native plugins compatible for Editor in 0.95 ms, found 2 plugins.
Preloading 0 native plugins for Editor in 0.00 ms.
Mono: successfully reloaded assembly
- Completed reload, in  1.663 seconds
Domain Reload Profiling:
	ReloadAssembly (1663ms)
		BeginReloadAssembly (167ms)
			ExecutionOrderSort (0ms)
			DisableScriptedObjects (9ms)
			BackupInstance (0ms)
			ReleaseScriptingObjects (0ms)
			CreateAndSetChildDomain (42ms)
		EndReloadAssembly (1389ms)
			LoadAssemblies (151ms)
			RebuildTransferFunctionScriptingTraits (0ms)
			SetupTypeCache (396ms)
			ReleaseScriptCaches (1ms)
			RebuildScriptCaches (60ms)
			SetupLoadedEditorAssemblies (639ms)
				LogAssemblyErrors (0ms)
				InitializePlatformSupportModulesInManaged (9ms)
				SetLoadedEditorAssemblies (1ms)
				RefreshPlugins (1ms)
				BeforeProcessingInitializeOnLoad (107ms)
				ProcessInitializeOnLoadAttributes (456ms)
				ProcessInitializeOnLoadMethodAttributes (50ms)
				AfterProcessingInitializeOnLoad (15ms)
				EditorAssembliesLoaded (0ms)
			ExecutionOrderSort2 (0ms)
			AwakeInstancesAfterBackupRestoration (10ms)
Platform modules already initialized, skipping
Refreshing native plugins compatible for Editor in 0.91 ms, found 2 plugins.
Preloading 0 native plugins for Editor in 0.00 ms.
Unloading 1951 Unused Serialized files (Serialized files now loaded: 0)
System memory in use before: 84.4 MB.
System memory in use after: 84.6 MB.

Unloading 49 unused Assets to reduce memory usage. Loaded Objects now: 2441.
Total: 7.762100 ms (FindLiveObjects: 0.193600 ms CreateObjectMapping: 0.085800 ms MarkObjects: 7.437900 ms  DeleteObjects: 0.043000 ms)

AssetImportParameters requested are different than current active one (requested -> active):
  custom:framework-win-MediaFoundation: 216162199b28c13a410421893ffa2e32 -> 
  custom:video-decoder-ogg-theora: a1e56fd34408186e4bbccfd4996cb3dc -> 
  custom:container-muxer-webm: aa71ff27fc2769a1b78a27578f13a17b -> 
  custom:container-demuxer-webm: 4f35f7cbe854078d1ac9338744f61a02 -> 
  custom:container-demuxer-ogg: 62fdf1f143b41e24485cea50d1cbac27 -> 
  custom:video-encoder-webm-vp8: eb34c28f22e8b96e1ab97ce403110664 -> 
  custom:video-decoder-webm-vp8: 9c59270c3fd7afecdb556c50c9e8de78 -> 
  custom:audio-decoder-ogg-vorbis: bf7c407c2cedff20999df2af8eb42d56 -> 
  custom:audio-encoder-webm-vorbis: bf7c407c2cedff20999df2af8eb42d56 -> 
========================================================================
Received Prepare
Registering precompiled user dll's ...
Registered in 0.009350 seconds.
Begin MonoManager ReloadAssembly
Native extension for WindowsStandalone target not found
Native extension for WebGL target not found
Refreshing native plugins compatible for Editor in 0.90 ms, found 2 plugins.
Preloading 0 native plugins for Editor in 0.00 ms.
Mono: successfully reloaded assembly
- Completed reload, in  1.599 seconds
Domain Reload Profiling:
	ReloadAssembly (1600ms)
		BeginReloadAssembly (155ms)
			ExecutionOrderSort (0ms)
			DisableScriptedObjects (9ms)
			BackupInstance (0ms)
			ReleaseScriptingObjects (0ms)
			CreateAndSetChildDomain (40ms)
		EndReloadAssembly (1346ms)
			LoadAssemblies (140ms)
			RebuildTransferFunctionScriptingTraits (0ms)
			SetupTypeCache (372ms)
			ReleaseScriptCaches (1ms)
			RebuildScriptCaches (71ms)
			SetupLoadedEditorAssemblies (610ms)
				LogAssemblyErrors (0ms)
				InitializePlatformSupportModulesInManaged (9ms)
				SetLoadedEditorAssemblies (1ms)
				RefreshPlugins (1ms)
				BeforeProcessingInitializeOnLoad (99ms)
				ProcessInitializeOnLoadAttributes (437ms)
				ProcessInitializeOnLoadMethodAttributes (50ms)
				AfterProcessingInitializeOnLoad (14ms)
				EditorAssembliesLoaded (0ms)
			ExecutionOrderSort2 (0ms)
			AwakeInstancesAfterBackupRestoration (10ms)
Platform modules already initialized, skipping
Refreshing native plugins compatible for Editor in 1.09 ms, found 2 plugins.
Preloading 0 native plugins for Editor in 0.00 ms.
Unloading 1951 Unused Serialized files (Serialized files now loaded: 0)
System memory in use before: 84.4 MB.
System memory in use after: 84.6 MB.

Unloading 49 unused Assets to reduce memory usage. Loaded Objects now: 2444.
Total: 7.410900 ms (FindLiveObjects: 0.204300 ms CreateObjectMapping: 0.091100 ms MarkObjects: 7.063500 ms  DeleteObjects: 0.049900 ms)

AssetImportParameters requested are different than current active one (requested -> active):
  custom:framework-win-MediaFoundation: 216162199b28c13a410421893ffa2e32 -> 
  custom:video-decoder-ogg-theora: a1e56fd34408186e4bbccfd4996cb3dc -> 
  custom:container-muxer-webm: aa71ff27fc2769a1b78a27578f13a17b -> 
  custom:container-demuxer-webm: 4f35f7cbe854078d1ac9338744f61a02 -> 
  custom:container-demuxer-ogg: 62fdf1f143b41e24485cea50d1cbac27 -> 
  custom:video-encoder-webm-vp8: eb34c28f22e8b96e1ab97ce403110664 -> 
  custom:video-decoder-webm-vp8: 9c59270c3fd7afecdb556c50c9e8de78 -> 
  custom:audio-decoder-ogg-vorbis: bf7c407c2cedff20999df2af8eb42d56 -> 
  custom:audio-encoder-webm-vorbis: bf7c407c2cedff20999df2af8eb42d56 -> 
AssetImportWorkerClient::OnTransportError - code=2 error=End of file
